[ 2019-10-22 08:49:25 ] [ ERROR ] : a is not defined
[ 2019-10-22 08:49:27 ] [ ERROR ] : a is not defined
[ 2019-10-22 08:50:29 ] [ ERROR ] : a is not defined
[ 2019-10-22 08:50:35 ] [ ERROR ] : a is not defined
[ 2019-10-22 08:50:45 ] [ ERROR ] : a is not defined
[ 2019-10-22 08:50:56 ] [ ERROR ] : ReferenceError: a is not defined
    at router.get (/Users/x.g/x.g/self/blog_server/src/routes/home.js:20:3)
    at dispatch (/Users/x.g/x.g/self/blog_server/node_modules/koa-router/node_modules/koa-compose/index.js:44:32)
    at next (/Users/x.g/x.g/self/blog_server/node_modules/koa-router/node_modules/koa-compose/index.js:45:18)
    at /Users/x.g/x.g/self/blog_server/node_modules/koa-router/lib/router.js:346:16
    at dispatch (/Users/x.g/x.g/self/blog_server/node_modules/koa-router/node_modules/koa-compose/index.js:44:32)
    at /Users/x.g/x.g/self/blog_server/node_modules/koa-router/node_modules/koa-compose/index.js:36:12
    at dispatch (/Users/x.g/x.g/self/blog_server/node_modules/koa-router/lib/router.js:351:31)
    at dispatch (/Users/x.g/x.g/self/blog_server/node_modules/koa-compose/index.js:42:32)
    at /Users/x.g/x.g/self/blog_server/node_modules/koa-compose/index.js:34:12
    at dispatch (/Users/x.g/x.g/self/blog_server/node_modules/koa-compose/index.js:42:32)
[ 2019-10-22 08:52:14 ] [ ERROR ] : ReferenceError: a is not defined
    at router.get (/Users/x.g/x.g/self/blog_server/src/routes/home.js:20:3)
    at dispatch (/Users/x.g/x.g/self/blog_server/node_modules/koa-router/node_modules/koa-compose/index.js:44:32)
    at next (/Users/x.g/x.g/self/blog_server/node_modules/koa-router/node_modules/koa-compose/index.js:45:18)
    at /Users/x.g/x.g/self/blog_server/node_modules/koa-router/lib/router.js:346:16
    at dispatch (/Users/x.g/x.g/self/blog_server/node_modules/koa-router/node_modules/koa-compose/index.js:44:32)
    at /Users/x.g/x.g/self/blog_server/node_modules/koa-router/node_modules/koa-compose/index.js:36:12
    at dispatch (/Users/x.g/x.g/self/blog_server/node_modules/koa-router/lib/router.js:351:31)
    at dispatch (/Users/x.g/x.g/self/blog_server/node_modules/koa-compose/index.js:42:32)
    at /Users/x.g/x.g/self/blog_server/node_modules/koa-compose/index.js:34:12
    at dispatch (/Users/x.g/x.g/self/blog_server/node_modules/koa-compose/index.js:42:32)
